--------------- Build Started: 12/11/2024 02:18:27 Project: Final, Configuration: ARM GCC 5.4-2016-q2-update Debug ---------------
cydsfit.exe -.appdatapath "C:\Users\stanl\AppData\Local\Cypress Semiconductor\PSoC Creator\4.4" -.fdsnotice -.fdswarpdepfile=warp_dependencies.txt -.fdselabdepfile=elab_dependencies.txt -.fdsbldfile=generated_files.txt -.fdsreffile=referenced_files.txt -p "C:\Users\stanl\Documents\PSoC Creator\CarLab\Final.cydsn\Final.cyprj" -d CY8C5868AXI-LP035 -s "C:\Users\stanl\Documents\PSoC Creator\CarLab\Final.cydsn\Generated_Source\PSoC5" -- -yv2 -q10 -ygs -o2 -v3 -.fftcfgtype=LE
Elaborating Design...
HDL Generation...
Synthesis...
Tech Mapping...
ADD: pft.M0040: information: The following 3 pin(s) will be assigned a location by the fitter: Tx_2(0), Tx_3(0), Tx_4(0)
Analog Placement...
Analog Routing...
Analog Code Generation...
Digital Placement...
Digital Routing...
Bitstream Generation...
Bitstream Verification...
Static timing analysis...
API Generation...
Dependency Generation...
Cleanup...
arm-none-eabi-gcc.exe -mcpu=cortex-m3 -mthumb -I. -IGenerated_Source\PSoC5 -Wa,-alh=.\CortexM3\ARM_GCC_541\Debug/cyfitter_cfg.lst -g -D DEBUG -D CY_CORE_ID=0 -Wall -ffunction-sections -ffat-lto-objects -Og -c Generated_Source\PSoC5\cyfitter_cfg.c -o .\CortexM3\ARM_GCC_541\Debug\cyfitter_cfg.o
arm-none-eabi-gcc.exe -mcpu=cortex-m3 -mthumb -I. -IGenerated_Source\PSoC5 -Wa,-alh=.\CortexM3\ARM_GCC_541\Debug/cymetadata.lst -g -D DEBUG -D CY_CORE_ID=0 -Wall -ffunction-sections -ffat-lto-objects -Og -c Generated_Source\PSoC5\cymetadata.c -o .\CortexM3\ARM_GCC_541\Debug\cymetadata.o
arm-none-eabi-ar.exe -rs .\CortexM3\ARM_GCC_541\Debug\Final.a .\CortexM3\ARM_GCC_541\Debug\PWM_1.o .\CortexM3\ARM_GCC_541\Debug\PWM_1_PM.o .\CortexM3\ARM_GCC_541\Debug\servo_pwm.o .\CortexM3\ARM_GCC_541\Debug\Clock_1.o .\CortexM3\ARM_GCC_541\Debug\UART_1.o .\CortexM3\ARM_GCC_541\Debug\UART_1_PM.o .\CortexM3\ARM_GCC_541\Debug\UART_1_INT.o .\CortexM3\ARM_GCC_541\Debug\UART_1_BOOT.o .\CortexM3\ARM_GCC_541\Debug\PWM.o .\CortexM3\ARM_GCC_541\Debug\PWM_PM.o .\CortexM3\ARM_GCC_541\Debug\motor.o .\CortexM3\ARM_GCC_541\Debug\Clock.o .\CortexM3\ARM_GCC_541\Debug\Timer.o .\CortexM3\ARM_GCC_541\Debug\Timer_PM.o .\CortexM3\ARM_GCC_541\Debug\HE.o .\CortexM3\ARM_GCC_541\Debug\Clock_0.o .\CortexM3\ARM_GCC_541\Debug\HE_Interrupt.o .\CortexM3\ARM_GCC_541\Debug\UART_1_IntClock.o .\CortexM3\ARM_GCC_541\Debug\CyDmac.o .\CortexM3\ARM_GCC_541\Debug\CyFlash.o .\CortexM3\ARM_GCC_541\Debug\CyLib.o .\CortexM3\ARM_GCC_541\Debug\cyPm.o .\CortexM3\ARM_GCC_541\Debug\CySpc.o .\CortexM3\ARM_GCC_541\Debug\cyutils.o .\CortexM3\ARM_GCC_541\Debug\cy_em_eeprom.o .\CortexM3\ARM_GCC_541\Debug\UART_2.o .\CortexM3\ARM_GCC_541\Debug\UART_2_PM.o .\CortexM3\ARM_GCC_541\Debug\UART_2_INT.o .\CortexM3\ARM_GCC_541\Debug\UART_2_BOOT.o .\CortexM3\ARM_GCC_541\Debug\UART_2_IntClock.o .\CortexM3\ARM_GCC_541\Debug\UART_3.o .\CortexM3\ARM_GCC_541\Debug\UART_3_PM.o .\CortexM3\ARM_GCC_541\Debug\UART_3_INT.o .\CortexM3\ARM_GCC_541\Debug\UART_3_BOOT.o .\CortexM3\ARM_GCC_541\Debug\UART_4.o .\CortexM3\ARM_GCC_541\Debug\UART_4_PM.o .\CortexM3\ARM_GCC_541\Debug\UART_4_INT.o .\CortexM3\ARM_GCC_541\Debug\UART_4_BOOT.o .\CortexM3\ARM_GCC_541\Debug\UART_3_IntClock.o .\CortexM3\ARM_GCC_541\Debug\UART_4_IntClock.o .\CortexM3\ARM_GCC_541\Debug\P_front_left.o .\CortexM3\ARM_GCC_541\Debug\P_left_1.o .\CortexM3\ARM_GCC_541\Debug\P_left_2.o .\CortexM3\ARM_GCC_541\Debug\P_right_2.o .\CortexM3\ARM_GCC_541\Debug\P_right_1.o .\CortexM3\ARM_GCC_541\Debug\P_front_right.o .\CortexM3\ARM_GCC_541\Debug\P_front.o .\CortexM3\ARM_GCC_541\Debug\front_interrupt.o .\CortexM3\ARM_GCC_541\Debug\front_left_interrupt.o .\CortexM3\ARM_GCC_541\Debug\front_right_interrupt.o .\CortexM3\ARM_GCC_541\Debug\turn_interrupt.o .\CortexM3\ARM_GCC_541\Debug\MODE.o .\CortexM3\ARM_GCC_541\Debug\MODE_PM.o .\CortexM3\ARM_GCC_541\Debug\STOP.o .\CortexM3\ARM_GCC_541\Debug\STOP_PM.o .\CortexM3\ARM_GCC_541\Debug\P_back_left.o .\CortexM3\ARM_GCC_541\Debug\P_back.o .\CortexM3\ARM_GCC_541\Debug\P_back_right.o .\CortexM3\ARM_GCC_541\Debug\back_interrupt.o .\CortexM3\ARM_GCC_541\Debug\back_left_interrupt.o .\CortexM3\ARM_GCC_541\Debug\back_right_interrupt.o .\CortexM3\ARM_GCC_541\Debug\LED.o .\CortexM3\ARM_GCC_541\Debug\LED_PM.o .\CortexM3\ARM_GCC_541\Debug\LED_status.o .\CortexM3\ARM_GCC_541\Debug\CyBootAsmGnu.o
arm-none-eabi-ar.exe: creating .\CortexM3\ARM_GCC_541\Debug\Final.a
arm-none-eabi-gcc.exe -Wl,--start-group -o "C:\Users\stanl\Documents\PSoC Creator\CarLab\Final.cydsn\CortexM3\ARM_GCC_541\Debug\Final.elf" .\CortexM3\ARM_GCC_541\Debug\main.o .\CortexM3\ARM_GCC_541\Debug\cyfitter_cfg.o .\CortexM3\ARM_GCC_541\Debug\cymetadata.o .\CortexM3\ARM_GCC_541\Debug\Cm3Start.o .\CortexM3\ARM_GCC_541\Debug\Final.a "C:\Program Files (x86)\Cypress\PSoC Creator\4.4\PSoC Creator\psoc\content\cycomponentlibrary\CyComponentLibrary.cylib\CortexM3\ARM_GCC_541\Debug\CyComponentLibrary.a" -mcpu=cortex-m3 -mthumb -L Generated_Source\PSoC5 -Wl,-Map,.\CortexM3\ARM_GCC_541\Debug/Final.map -T Generated_Source\PSoC5\cm3gcc.ld -specs=nano.specs -Wl,--gc-sections -g -ffunction-sections -Og -ffat-lto-objects -Wl,--end-group
cyelftool.exe -C "C:\Users\stanl\Documents\PSoC Creator\CarLab\Final.cydsn\CortexM3\ARM_GCC_541\Debug\Final.elf" --flash_row_size 256 --flash_size 262144 --flash_offset 0x00000000
No ELF section .cychecksum found, creating one
Application checksum calculated and stored in ELF section .cychecksum
Checksum calculated and stored in ELF section .cymeta
cyelftool.exe -S "C:\Users\stanl\Documents\PSoC Creator\CarLab\Final.cydsn\CortexM3\ARM_GCC_541\Debug\Final.elf"
Flash used: 20876 of 262144 bytes (8.0%).
SRAM used: 3017 of 65536 bytes (4.6%). Stack: 2048 bytes. Heap: 128 bytes.
--------------- Build Succeeded: 12/11/2024 02:18:53 ---------------
